Performing C SOURCE FILE Test CMAKE_HAVE_LIBC_PTHREAD failed with the following output:
Change Dir: /home/noviorlu/Desktop/computer-graphics-meshes/build-release/CMakeFiles/CMakeTmp

Run Build Command(s):/usr/bin/make cmTC_c304f/fast && /usr/bin/make -f CMakeFiles/cmTC_c304f.dir/build.make CMakeFiles/cmTC_c304f.dir/build
make[1]: Entering directory '/home/noviorlu/Desktop/computer-graphics-meshes/build-release/CMakeFiles/CMakeTmp'
Building C object CMakeFiles/cmTC_c304f.dir/src.c.o
/usr/bin/cc   -fPIC -DCMAKE_HAVE_LIBC_PTHREAD   -o CMakeFiles/cmTC_c304f.dir/src.c.o   -c /home/noviorlu/Desktop/computer-graphics-meshes/build-release/CMakeFiles/CMakeTmp/src.c
Linking C executable cmTC_c304f
/usr/bin/cmake -E cmake_link_script CMakeFiles/cmTC_c304f.dir/link.txt --verbose=1
/usr/bin/cc  -fPIC -DCMAKE_HAVE_LIBC_PTHREAD    -rdynamic CMakeFiles/cmTC_c304f.dir/src.c.o  -o cmTC_c304f 
/usr/bin/ld: CMakeFiles/cmTC_c304f.dir/src.c.o: in function `main':
src.c:(.text+0x46): undefined reference to `pthread_create'
/usr/bin/ld: src.c:(.text+0x52): undefined reference to `pthread_detach'
/usr/bin/ld: src.c:(.text+0x63): undefined reference to `pthread_join'
collect2: error: ld returned 1 exit status
make[1]: *** [CMakeFiles/cmTC_c304f.dir/build.make:87: cmTC_c304f] Error 1
make[1]: Leaving directory '/home/noviorlu/Desktop/computer-graphics-meshes/build-release/CMakeFiles/CMakeTmp'
make: *** [Makefile:121: cmTC_c304f/fast] Error 2


Source file was:
#include <pthread.h>

void* test_func(void* data)
{
  return data;
}

int main(void)
{
  pthread_t thread;
  pthread_create(&thread, NULL, test_func, NULL);
  pthread_detach(thread);
  pthread_join(thread, NULL);
  pthread_atfork(NULL, NULL, NULL);
  pthread_exit(NULL);

  return 0;
}

Determining if the function pthread_create exists in the pthreads failed with the following output:
Change Dir: /home/noviorlu/Desktop/computer-graphics-meshes/build-release/CMakeFiles/CMakeTmp

Run Build Command(s):/usr/bin/make cmTC_787de/fast && /usr/bin/make -f CMakeFiles/cmTC_787de.dir/build.make CMakeFiles/cmTC_787de.dir/build
make[1]: Entering directory '/home/noviorlu/Desktop/computer-graphics-meshes/build-release/CMakeFiles/CMakeTmp'
Building C object CMakeFiles/cmTC_787de.dir/CheckFunctionExists.c.o
/usr/bin/cc   -fPIC -DCHECK_FUNCTION_EXISTS=pthread_create   -o CMakeFiles/cmTC_787de.dir/CheckFunctionExists.c.o   -c /usr/share/cmake-3.16/Modules/CheckFunctionExists.c
Linking C executable cmTC_787de
/usr/bin/cmake -E cmake_link_script CMakeFiles/cmTC_787de.dir/link.txt --verbose=1
/usr/bin/cc  -fPIC -DCHECK_FUNCTION_EXISTS=pthread_create    -rdynamic CMakeFiles/cmTC_787de.dir/CheckFunctionExists.c.o  -o cmTC_787de  -lpthreads 
/usr/bin/ld: cannot find -lpthreads
collect2: error: ld returned 1 exit status
make[1]: *** [CMakeFiles/cmTC_787de.dir/build.make:87: cmTC_787de] Error 1
make[1]: Leaving directory '/home/noviorlu/Desktop/computer-graphics-meshes/build-release/CMakeFiles/CMakeTmp'
make: *** [Makefile:121: cmTC_787de/fast] Error 2



